<?xml version="1.0" encoding="UTF-8" ?>
<testsuite tests="1" failures="0" name="TestEncomiendaModel" time="1.415" errors="0" skipped="0">
  <properties>
    <property name="java.runtime.name" value="Java(TM) SE Runtime Environment"/>
    <property name="java.vm.version" value="18.0.1.1+2-6"/>
    <property name="sun.boot.library.path" value="C:\Program Files\Java\jdk-18.0.1.1\bin"/>
    <property name="maven.multiModuleProjectDirectory" value="C:\Users\Mario\Documents\NetBeansProjects\reto83"/>
    <property name="java.vm.vendor" value="Oracle Corporation"/>
    <property name="java.vendor.url" value="https://java.oracle.com/"/>
    <property name="guice.disable.misplaced.annotation.check" value="true"/>
    <property name="path.separator" value=";"/>
    <property name="java.vm.name" value="Java HotSpot(TM) 64-Bit Server VM"/>
    <property name="sun.os.patch.level" value=""/>
    <property name="user.script" value=""/>
    <property name="user.country" value="CO"/>
    <property name="sun.java.launcher" value="SUN_STANDARD"/>
    <property name="test" value="TestEncomiendaModel"/>
    <property name="java.vm.specification.name" value="Java Virtual Machine Specification"/>
    <property name="user.dir" value="C:\Users\Mario\Documents\NetBeansProjects\reto83"/>
    <property name="java.vm.compressedOopsMode" value="Zero based"/>
    <property name="java.runtime.version" value="18.0.1.1+2-6"/>
    <property name="os.arch" value="amd64"/>
    <property name="java.io.tmpdir" value="C:\Users\Mario\AppData\Local\Temp\"/>
    <property name="line.separator" value="
"/>
    <property name="java.vm.specification.vendor" value="Oracle Corporation"/>
    <property name="user.variant" value=""/>
    <property name="os.name" value="Windows 10"/>
    <property name="maven.ext.class.path" value="C:\Program Files\NetBeans-12.6\netbeans\java\maven-nblib\netbeans-eventspy.jar"/>
    <property name="classworlds.conf" value="C:\Program Files\NetBeans-12.6\netbeans\java\maven\bin\..\bin\m2.conf"/>
    <property name="sun.jnu.encoding" value="Cp1252"/>
    <property name="java.library.path" value="C:\Program Files\Java\jdk-18.0.1.1\bin;C:\WINDOWS\Sun\Java\bin;C:\WINDOWS\system32;C:\WINDOWS;C:\Program Files\Common Files\Oracle\Java\javapath;C:\Program Files (x86)\Common Files\Oracle\Java\javapath;C:\WINDOWS\system32;C:\WINDOWS;C:\WINDOWS\System32\Wbem;C:\WINDOWS\System32\WindowsPowerShell\v1.0\;C:\Program Files\Git\cmd;C:\Program Files\nodejs\;E:\laragon\bin\php\php-7.4.19-Win32-vc15-x64;C:\ProgramData\ComposerSetup\bin;C:\WINDOWS\System32\OpenSSH\;C:\laragon\bin\php\php-7.4.27-Win32-vc15-x64;C:\Program Files (x86)\Gpg4win\..\GnuPG\bin;C:\Users\Mario\flutter\bin;C:\Android\SDK\cmdline-tools\latest\bin;C:\Android\SDK\emulator;C:\Android\SDK\platform-tools;C:\Users\Mario\Kubernetes;C:\Users\Mario\AppData\Local\Yarn\config\global\node_modules\.bin;C:\Users\Mario\AppData\Roaming\Composer\vendor\bin;C:\Users\Mario\AppData\Roaming\npm;E:\laragon\bin;E:\laragon\bin\apache\httpd-2.4.47-win64-VS16\bin;E:\laragon\bin\composer;E:\laragon\bin\git\bin;E:\laragon\bin\git\cmd;E:\laragon\bin\git\mingw64\bin;E:\laragon\bin\git\usr\bin;E:\laragon\bin\laragon\utils;E:\laragon\bin\mysql\mysql-5.7.33-winx64\bin;E:\laragon\bin\nginx\nginx-1.19.10;E:\laragon\bin\ngrok;E:\laragon\bin\nodejs\node-v14;E:\laragon\bin\notepad++;E:\laragon\bin\php\php-7.4.27-Win32-vc15-x64;E:\laragon\bin\redis\redis-x64-3.2.100;E:\laragon\bin\telnet;E:\laragon\usr\bin;C:\Users\Mario\AppData\Local\Microsoft\WindowsApps;C:\Users\Mario\AppData\Local\Programs\Microsoft VS Code\bin;C:\Users\Mario\AppData\Local\Microsoft\WindowsApps;C:\Program Files\heroku\bin;C:\Users\Mario\flutter\bin;C:\Android\SDK\cmdline-tools\latest\bin;C:\Android\SDK\emulator;C:\Android\SDK\platform-tools;C:\Users\Mario\Kubernetes;;."/>
    <property name="maven.conf" value="C:\Program Files\NetBeans-12.6\netbeans\java\maven\bin\../conf"/>
    <property name="jdk.debug" value="release"/>
    <property name="java.class.version" value="62.0"/>
    <property name="java.specification.name" value="Java Platform API Specification"/>
    <property name="sun.management.compiler" value="HotSpot 64-Bit Tiered Compilers"/>
    <property name="os.version" value="10.0"/>
    <property name="library.jansi.path" value="C:\Program Files\NetBeans-12.6\netbeans\java\maven\bin\..\lib\jansi-native"/>
    <property name="user.home" value="C:\Users\Mario"/>
    <property name="user.timezone" value="America/Bogota"/>
    <property name="file.encoding" value="UTF-8"/>
    <property name="java.specification.version" value="18"/>
    <property name="user.name" value="Mario"/>
    <property name="java.class.path" value="C:\Program Files\NetBeans-12.6\netbeans\java\maven\bin\..\boot\plexus-classworlds-2.6.0.jar"/>
    <property name="java.vm.specification.version" value="18"/>
    <property name="sun.arch.data.model" value="64"/>
    <property name="sun.java.command" value="org.codehaus.plexus.classworlds.launcher.Launcher -Dtest=TestEncomiendaModel -Dmaven.ext.class.path=C:\Program Files\NetBeans-12.6\netbeans\java\maven-nblib\netbeans-eventspy.jar surefire:test"/>
    <property name="java.home" value="C:\Program Files\Java\jdk-18.0.1.1"/>
    <property name="user.language" value="es"/>
    <property name="java.specification.vendor" value="Oracle Corporation"/>
    <property name="java.vm.info" value="mixed mode, sharing"/>
    <property name="java.version" value="18.0.1.1"/>
    <property name="native.encoding" value="Cp1252"/>
    <property name="java.vendor" value="Oracle Corporation"/>
    <property name="maven.home" value="C:\Program Files\NetBeans-12.6\netbeans\java\maven\bin\.."/>
    <property name="file.separator" value="\"/>
    <property name="java.version.date" value="2022-04-22"/>
    <property name="java.vendor.url.bug" value="https://bugreport.java.com/bugreport/"/>
    <property name="sun.io.unicode.encoding" value="UnicodeLittle"/>
    <property name="sun.cpu.endian" value="little"/>
    <property name="sun.cpu.isalist" value="amd64"/>
  </properties>
  <testcase classname="TestEncomiendaModel" name="testCreate" time="1.415"/>
</testsuite>